<?xml version="1.0" encoding="UTF-8"?>
<!-- Generated by org.testng.reporters.JUnitXMLReporter -->
<testsuite hostname="PRINHYLTPDL1395" name="ParallelTest Demo" tests="3" failures="0" timestamp="6 Mar 2019 02:13:38 GMT" time="9.146" errors="0">
  <testcase name="test3" time="9.108" classname="com.testng.ParallelDemo"/>
  <testcase name="test2" time="9.126" classname="com.testng.ParallelDemo"/>
  <testcase name="test1" time="9.129" classname="com.testng.ParallelDemo"/>
</testsuite> <!-- ParallelTest Demo -->
